[0.000000] (-) TimerEvent: {}
[0.000276] (eufs_msgs) JobQueued: {'identifier': 'eufs_msgs', 'dependencies': OrderedDict()}
[0.000515] (eufs_racecar) JobQueued: {'identifier': 'eufs_racecar', 'dependencies': OrderedDict()}
[0.000875] (eufs_sensors) JobQueued: {'identifier': 'eufs_sensors', 'dependencies': OrderedDict()}
[0.000933] (eufs_tracks) JobQueued: {'identifier': 'eufs_tracks', 'dependencies': OrderedDict()}
[0.000973] (eufs_launcher) JobQueued: {'identifier': 'eufs_launcher', 'dependencies': OrderedDict([('eufs_tracks', '/home/gustavo/eufs_sim_teste/install/eufs_tracks')])}
[0.001982] (eufs_models) JobQueued: {'identifier': 'eufs_models', 'dependencies': OrderedDict([('eufs_msgs', '/home/gustavo/eufs_sim_teste/install/eufs_msgs')])}
[0.002012] (eufs_rqt) JobQueued: {'identifier': 'eufs_rqt', 'dependencies': OrderedDict([('eufs_msgs', '/home/gustavo/eufs_sim_teste/install/eufs_msgs')])}
[0.002026] (eufs_plugins) JobQueued: {'identifier': 'eufs_plugins', 'dependencies': OrderedDict([('eufs_msgs', '/home/gustavo/eufs_sim_teste/install/eufs_msgs'), ('eufs_models', '/home/gustavo/eufs_sim_teste/install/eufs_models')])}
[0.002117] (eufs_msgs) JobStarted: {'identifier': 'eufs_msgs'}
[0.010276] (eufs_tracks) JobStarted: {'identifier': 'eufs_tracks'}
[0.021957] (eufs_racecar) JobStarted: {'identifier': 'eufs_racecar'}
[0.032829] (eufs_sensors) JobStarted: {'identifier': 'eufs_sensors'}
[0.042722] (eufs_msgs) JobProgress: {'identifier': 'eufs_msgs', 'progress': 'cmake'}
[0.043270] (eufs_msgs) JobProgress: {'identifier': 'eufs_msgs', 'progress': 'build'}
[0.043848] (eufs_msgs) Command: {'cmd': ['/usr/bin/cmake', '--build', '/home/gustavo/eufs_sim_teste/build/eufs_msgs', '--', '-j8', '-l8'], 'cwd': '/home/gustavo/eufs_sim_teste/build/eufs_msgs', 'env': OrderedDict([('LC_TIME', 'pt_BR.UTF-8'), ('USER', 'gustavo'), ('SSH_AGENT_PID', '1483'), ('XDG_SESSION_TYPE', 'x11'), ('SHLVL', '1'), ('LD_LIBRARY_PATH', '/usr/lib/x86_64-linux-gnu/gazebo-11/plugins:/opt/ros/galactic/opt/yaml_cpp_vendor/lib:/opt/ros/galactic/opt/rviz_ogre_vendor/lib:/opt/ros/galactic/lib/x86_64-linux-gnu:/opt/ros/galactic/lib'), ('HOME', '/home/gustavo'), ('OLDPWD', '/home/gustavo'), ('LESS', '-R'), ('DESKTOP_SESSION', 'ubuntu'), ('ZSH', '/home/gustavo/.oh-my-zsh'), ('LSCOLORS', 'Gxfxcxdxbxegedabagacad'), ('GNOME_SHELL_SESSION_MODE', 'ubuntu'), ('GTK_MODULES', 'gail:atk-bridge'), ('PAGER', 'less'), ('ROS_PYTHON_VERSION', '3'), ('LC_CTYPE', 'pt_BR.UTF-8'), ('LC_MONETARY', 'pt_BR.UTF-8'), ('MANAGERPID', '1026'), ('DBUS_SESSION_BUS_ADDRESS', 'unix:path=/run/user/1000/bus'), ('P9K_TTY', 'old'), ('COLORTERM', 'truecolor'), ('GIO_LAUNCHED_DESKTOP_FILE_PID', '53919'), ('LIBVIRT_DEFAULT_URI', 'qemu:///system'), ('IM_CONFIG_PHASE', '1'), ('ROS_DISTRO', 'galactic'), ('LOGNAME', 'gustavo'), ('JOURNAL_STREAM', '8:44832'), ('WINDOWID', '37748740'), ('_', '/usr/bin/colcon'), ('_P9K_SSH_TTY', '/dev/pts/0'), ('EUFS_MASTER', '/home/gustavo/eufs_sim_teste'), ('XDG_SESSION_CLASS', 'user'), ('ROS_VERSION', '2'), ('ALACRITTY_LOG', '/tmp/Alacritty-53919.log'), ('TERM', 'alacritty'), ('USERNAME', 'gustavo'), ('GNOME_DESKTOP_SESSION_ID', 'this-is-deprecated'), ('ROS_LOCALHOST_ONLY', '0'), ('WINDOWPATH', '2'), ('PATH', '/opt/ros/galactic/bin:/home/gustavo/.local/bin:/usr/local/sbin:/usr/local/bin:/usr/sbin:/usr/bin:/sbin:/bin:/usr/games:/usr/local/games:/snap/bin:/home/gustavo/.fzf/bin'), ('INVOCATION_ID', '3c417b9c8811411b845cdd0710a71de6'), ('SESSION_MANAGER', 'local/gustavo-550XDA:@/tmp/.ICE-unix/1570,unix/gustavo-550XDA:/tmp/.ICE-unix/1570'), ('LC_ADDRESS', 'pt_BR.UTF-8'), ('XDG_MENU_PREFIX', 'gnome-'), ('XDG_RUNTIME_DIR', '/run/user/1000'), ('DISPLAY', ':0'), ('LANG', 'en_US.UTF-8'), ('LC_TELEPHONE', 'pt_BR.UTF-8'), ('XDG_CURRENT_DESKTOP', 'ubuntu:GNOME'), ('XAUTHORITY', '/run/user/1000/gdm/Xauthority'), ('XDG_SESSION_DESKTOP', 'ubuntu'), ('XMODIFIERS', '@im=ibus'), ('LS_COLORS', ''), ('SSH_AUTH_SOCK', '/run/user/1000/keyring/ssh'), ('AMENT_PREFIX_PATH', '/opt/ros/galactic'), ('LC_NAME', 'pt_BR.UTF-8'), ('SHELL', '/usr/bin/zsh'), ('GDMSESSION', 'ubuntu'), ('QT_ACCESSIBILITY', '1'), ('LC_MEASUREMENT', 'pt_BR.UTF-8'), ('GPG_AGENT_INFO', '/run/user/1000/gnupg/S.gpg-agent:0:1'), ('LC_IDENTIFICATION', 'pt_BR.UTF-8'), ('P9K_SSH', '0'), ('QT_IM_MODULE', 'ibus'), ('LC_ALL', 'en_US.UTF-8'), ('PWD', '/home/gustavo/eufs_sim_teste/build/eufs_msgs'), ('XDG_CONFIG_DIRS', '/etc/xdg/xdg-ubuntu:/etc/xdg'), ('XDG_DATA_DIRS', '/usr/share/ubuntu:/usr/local/share/:/usr/share/:/var/lib/snapd/desktop'), ('_P9K_TTY', '/dev/pts/0'), ('LC_NUMERIC', 'pt_BR.UTF-8'), ('PYTHONPATH', '/opt/ros/galactic/lib/python3.8/site-packages'), ('LC_PAPER', 'pt_BR.UTF-8'), ('COLCON', '1'), ('CMAKE_PREFIX_PATH', '/opt/ros/galactic')]), 'shell': False}
[0.099847] (-) TimerEvent: {}
[0.200348] (-) TimerEvent: {}
[0.300743] (-) TimerEvent: {}
[0.401132] (-) TimerEvent: {}
[0.474046] (eufs_sensors) JobProgress: {'identifier': 'eufs_sensors', 'progress': 'cmake'}
[0.474537] (eufs_sensors) JobProgress: {'identifier': 'eufs_sensors', 'progress': 'build'}
[0.474714] (eufs_sensors) Command: {'cmd': ['/usr/bin/cmake', '--build', '/home/gustavo/eufs_sim_teste/build/eufs_sensors', '--', '-j8', '-l8'], 'cwd': '/home/gustavo/eufs_sim_teste/build/eufs_sensors', 'env': OrderedDict([('LC_TIME', 'pt_BR.UTF-8'), ('USER', 'gustavo'), ('SSH_AGENT_PID', '1483'), ('XDG_SESSION_TYPE', 'x11'), ('SHLVL', '1'), ('LD_LIBRARY_PATH', '/usr/lib/x86_64-linux-gnu/gazebo-11/plugins:/opt/ros/galactic/opt/yaml_cpp_vendor/lib:/opt/ros/galactic/opt/rviz_ogre_vendor/lib:/opt/ros/galactic/lib/x86_64-linux-gnu:/opt/ros/galactic/lib'), ('HOME', '/home/gustavo'), ('OLDPWD', '/home/gustavo'), ('LESS', '-R'), ('DESKTOP_SESSION', 'ubuntu'), ('ZSH', '/home/gustavo/.oh-my-zsh'), ('LSCOLORS', 'Gxfxcxdxbxegedabagacad'), ('GNOME_SHELL_SESSION_MODE', 'ubuntu'), ('GTK_MODULES', 'gail:atk-bridge'), ('PAGER', 'less'), ('ROS_PYTHON_VERSION', '3'), ('LC_CTYPE', 'pt_BR.UTF-8'), ('LC_MONETARY', 'pt_BR.UTF-8'), ('MANAGERPID', '1026'), ('DBUS_SESSION_BUS_ADDRESS', 'unix:path=/run/user/1000/bus'), ('P9K_TTY', 'old'), ('COLORTERM', 'truecolor'), ('GIO_LAUNCHED_DESKTOP_FILE_PID', '53919'), ('LIBVIRT_DEFAULT_URI', 'qemu:///system'), ('IM_CONFIG_PHASE', '1'), ('ROS_DISTRO', 'galactic'), ('LOGNAME', 'gustavo'), ('JOURNAL_STREAM', '8:44832'), ('WINDOWID', '37748740'), ('_', '/usr/bin/colcon'), ('_P9K_SSH_TTY', '/dev/pts/0'), ('EUFS_MASTER', '/home/gustavo/eufs_sim_teste'), ('XDG_SESSION_CLASS', 'user'), ('ROS_VERSION', '2'), ('ALACRITTY_LOG', '/tmp/Alacritty-53919.log'), ('TERM', 'alacritty'), ('USERNAME', 'gustavo'), ('GNOME_DESKTOP_SESSION_ID', 'this-is-deprecated'), ('ROS_LOCALHOST_ONLY', '0'), ('WINDOWPATH', '2'), ('PATH', '/opt/ros/galactic/bin:/home/gustavo/.local/bin:/usr/local/sbin:/usr/local/bin:/usr/sbin:/usr/bin:/sbin:/bin:/usr/games:/usr/local/games:/snap/bin:/home/gustavo/.fzf/bin'), ('INVOCATION_ID', '3c417b9c8811411b845cdd0710a71de6'), ('SESSION_MANAGER', 'local/gustavo-550XDA:@/tmp/.ICE-unix/1570,unix/gustavo-550XDA:/tmp/.ICE-unix/1570'), ('LC_ADDRESS', 'pt_BR.UTF-8'), ('XDG_MENU_PREFIX', 'gnome-'), ('XDG_RUNTIME_DIR', '/run/user/1000'), ('DISPLAY', ':0'), ('LANG', 'en_US.UTF-8'), ('LC_TELEPHONE', 'pt_BR.UTF-8'), ('XDG_CURRENT_DESKTOP', 'ubuntu:GNOME'), ('XAUTHORITY', '/run/user/1000/gdm/Xauthority'), ('XDG_SESSION_DESKTOP', 'ubuntu'), ('XMODIFIERS', '@im=ibus'), ('LS_COLORS', ''), ('SSH_AUTH_SOCK', '/run/user/1000/keyring/ssh'), ('AMENT_PREFIX_PATH', '/opt/ros/galactic'), ('LC_NAME', 'pt_BR.UTF-8'), ('SHELL', '/usr/bin/zsh'), ('GDMSESSION', 'ubuntu'), ('QT_ACCESSIBILITY', '1'), ('LC_MEASUREMENT', 'pt_BR.UTF-8'), ('GPG_AGENT_INFO', '/run/user/1000/gnupg/S.gpg-agent:0:1'), ('LC_IDENTIFICATION', 'pt_BR.UTF-8'), ('P9K_SSH', '0'), ('QT_IM_MODULE', 'ibus'), ('LC_ALL', 'en_US.UTF-8'), ('PWD', '/home/gustavo/eufs_sim_teste/build/eufs_sensors'), ('XDG_CONFIG_DIRS', '/etc/xdg/xdg-ubuntu:/etc/xdg'), ('XDG_DATA_DIRS', '/usr/share/ubuntu:/usr/local/share/:/usr/share/:/var/lib/snapd/desktop'), ('_P9K_TTY', '/dev/pts/0'), ('LC_NUMERIC', 'pt_BR.UTF-8'), ('PYTHONPATH', '/opt/ros/galactic/lib/python3.8/site-packages'), ('LC_PAPER', 'pt_BR.UTF-8'), ('COLCON', '1'), ('CMAKE_PREFIX_PATH', '/opt/ros/galactic')]), 'shell': False}
[0.477522] (eufs_msgs) StdoutLine: {'line': b'[  0%] Built target eufs_msgs__cpp\n'}
[0.477892] (eufs_msgs) StdoutLine: {'line': b'[ 12%] Built target eufs_msgs__rosidl_generator_c\n'}
[0.478342] (eufs_msgs) StdoutLine: {'line': b'[ 24%] Built target eufs_msgs__rosidl_typesupport_cpp\n'}
[0.478748] (eufs_msgs) StdoutLine: {'line': b'[ 37%] Built target eufs_msgs__rosidl_typesupport_introspection_cpp\n'}
[0.478860] (eufs_msgs) StdoutLine: {'line': b'[ 50%] Built target eufs_msgs__rosidl_typesupport_c\n'}
[0.479136] (eufs_msgs) StdoutLine: {'line': b'[ 62%] Built target eufs_msgs__rosidl_typesupport_fastrtps_cpp\n'}
[0.480239] (eufs_msgs) StdoutLine: {'line': b'[ 75%] Built target eufs_msgs__rosidl_typesupport_introspection_c\n'}
[0.480374] (eufs_msgs) StdoutLine: {'line': b'[ 88%] Built target eufs_msgs__rosidl_typesupport_fastrtps_c\n'}
[0.480419] (eufs_msgs) StdoutLine: {'line': b'[ 88%] Built target eufs_msgs\n'}
[0.480462] (eufs_msgs) StdoutLine: {'line': b'[ 88%] Built target eufs_msgs__py\n'}
[0.480507] (eufs_msgs) StdoutLine: {'line': b'[100%] Built target eufs_msgs__python\n'}
[0.480575] (eufs_msgs) StdoutLine: {'line': b'[100%] Built target eufs_msgs__rosidl_typesupport_introspection_c__pyext\n'}
[0.480630] (eufs_msgs) StdoutLine: {'line': b'[100%] Built target eufs_msgs__rosidl_typesupport_fastrtps_c__pyext\n'}
[0.482093] (eufs_msgs) StdoutLine: {'line': b'[100%] Built target eufs_msgs__rosidl_typesupport_c__pyext\n'}
[0.482185] (eufs_msgs) CommandEnded: {'returncode': 0}
[0.501283] (-) TimerEvent: {}
[0.509244] (eufs_sensors) CommandEnded: {'returncode': 0}
[0.527383] (eufs_sensors) JobProgress: {'identifier': 'eufs_sensors', 'progress': 'install'}
[0.537455] (eufs_sensors) Command: {'cmd': ['/usr/bin/cmake', '--install', '/home/gustavo/eufs_sim_teste/build/eufs_sensors'], 'cwd': '/home/gustavo/eufs_sim_teste/build/eufs_sensors', 'env': OrderedDict([('LC_TIME', 'pt_BR.UTF-8'), ('USER', 'gustavo'), ('SSH_AGENT_PID', '1483'), ('XDG_SESSION_TYPE', 'x11'), ('SHLVL', '1'), ('LD_LIBRARY_PATH', '/usr/lib/x86_64-linux-gnu/gazebo-11/plugins:/opt/ros/galactic/opt/yaml_cpp_vendor/lib:/opt/ros/galactic/opt/rviz_ogre_vendor/lib:/opt/ros/galactic/lib/x86_64-linux-gnu:/opt/ros/galactic/lib'), ('HOME', '/home/gustavo'), ('OLDPWD', '/home/gustavo'), ('LESS', '-R'), ('DESKTOP_SESSION', 'ubuntu'), ('ZSH', '/home/gustavo/.oh-my-zsh'), ('LSCOLORS', 'Gxfxcxdxbxegedabagacad'), ('GNOME_SHELL_SESSION_MODE', 'ubuntu'), ('GTK_MODULES', 'gail:atk-bridge'), ('PAGER', 'less'), ('ROS_PYTHON_VERSION', '3'), ('LC_CTYPE', 'pt_BR.UTF-8'), ('LC_MONETARY', 'pt_BR.UTF-8'), ('MANAGERPID', '1026'), ('DBUS_SESSION_BUS_ADDRESS', 'unix:path=/run/user/1000/bus'), ('P9K_TTY', 'old'), ('COLORTERM', 'truecolor'), ('GIO_LAUNCHED_DESKTOP_FILE_PID', '53919'), ('LIBVIRT_DEFAULT_URI', 'qemu:///system'), ('IM_CONFIG_PHASE', '1'), ('ROS_DISTRO', 'galactic'), ('LOGNAME', 'gustavo'), ('JOURNAL_STREAM', '8:44832'), ('WINDOWID', '37748740'), ('_', '/usr/bin/colcon'), ('_P9K_SSH_TTY', '/dev/pts/0'), ('EUFS_MASTER', '/home/gustavo/eufs_sim_teste'), ('XDG_SESSION_CLASS', 'user'), ('ROS_VERSION', '2'), ('ALACRITTY_LOG', '/tmp/Alacritty-53919.log'), ('TERM', 'alacritty'), ('USERNAME', 'gustavo'), ('GNOME_DESKTOP_SESSION_ID', 'this-is-deprecated'), ('ROS_LOCALHOST_ONLY', '0'), ('WINDOWPATH', '2'), ('PATH', '/opt/ros/galactic/bin:/home/gustavo/.local/bin:/usr/local/sbin:/usr/local/bin:/usr/sbin:/usr/bin:/sbin:/bin:/usr/games:/usr/local/games:/snap/bin:/home/gustavo/.fzf/bin'), ('INVOCATION_ID', '3c417b9c8811411b845cdd0710a71de6'), ('SESSION_MANAGER', 'local/gustavo-550XDA:@/tmp/.ICE-unix/1570,unix/gustavo-550XDA:/tmp/.ICE-unix/1570'), ('LC_ADDRESS', 'pt_BR.UTF-8'), ('XDG_MENU_PREFIX', 'gnome-'), ('XDG_RUNTIME_DIR', '/run/user/1000'), ('DISPLAY', ':0'), ('LANG', 'en_US.UTF-8'), ('LC_TELEPHONE', 'pt_BR.UTF-8'), ('XDG_CURRENT_DESKTOP', 'ubuntu:GNOME'), ('XAUTHORITY', '/run/user/1000/gdm/Xauthority'), ('XDG_SESSION_DESKTOP', 'ubuntu'), ('XMODIFIERS', '@im=ibus'), ('LS_COLORS', ''), ('SSH_AUTH_SOCK', '/run/user/1000/keyring/ssh'), ('AMENT_PREFIX_PATH', '/opt/ros/galactic'), ('LC_NAME', 'pt_BR.UTF-8'), ('SHELL', '/usr/bin/zsh'), ('GDMSESSION', 'ubuntu'), ('QT_ACCESSIBILITY', '1'), ('LC_MEASUREMENT', 'pt_BR.UTF-8'), ('GPG_AGENT_INFO', '/run/user/1000/gnupg/S.gpg-agent:0:1'), ('LC_IDENTIFICATION', 'pt_BR.UTF-8'), ('P9K_SSH', '0'), ('QT_IM_MODULE', 'ibus'), ('LC_ALL', 'en_US.UTF-8'), ('PWD', '/home/gustavo/eufs_sim_teste/build/eufs_sensors'), ('XDG_CONFIG_DIRS', '/etc/xdg/xdg-ubuntu:/etc/xdg'), ('XDG_DATA_DIRS', '/usr/share/ubuntu:/usr/local/share/:/usr/share/:/var/lib/snapd/desktop'), ('_P9K_TTY', '/dev/pts/0'), ('LC_NUMERIC', 'pt_BR.UTF-8'), ('PYTHONPATH', '/opt/ros/galactic/lib/python3.8/site-packages'), ('LC_PAPER', 'pt_BR.UTF-8'), ('COLCON', '1'), ('CMAKE_PREFIX_PATH', '/opt/ros/galactic')]), 'shell': False}
[0.546372] (eufs_sensors) StdoutLine: {'line': b'-- Install configuration: ""\n'}
[0.547067] (eufs_sensors) StdoutLine: {'line': b'-- Execute custom install script\n'}
[0.547215] (eufs_sensors) StdoutLine: {'line': b'-- Up-to-date symlink: /home/gustavo/eufs_sim_teste/install/eufs_sensors/share/eufs_sensors/meshes/VLP16_base_1.dae\n'}
[0.547428] (eufs_sensors) StdoutLine: {'line': b'-- Up-to-date symlink: /home/gustavo/eufs_sim_teste/install/eufs_sensors/share/eufs_sensors/meshes/VLP16_base_2.dae\n'}
[0.547572] (eufs_sensors) StdoutLine: {'line': b'-- Up-to-date symlink: /home/gustavo/eufs_sim_teste/install/eufs_sensors/share/eufs_sensors/meshes/VLP16_scan.dae\n'}
[0.547662] (eufs_sensors) StdoutLine: {'line': b'-- Up-to-date symlink: /home/gustavo/eufs_sim_teste/install/eufs_sensors/share/eufs_sensors/meshes/antenna_3GO16.dae\n'}
[0.547815] (eufs_sensors) StdoutLine: {'line': b'-- Up-to-date symlink: /home/gustavo/eufs_sim_teste/install/eufs_sensors/share/eufs_sensors/meshes/antenna_3GO16.stl\n'}
[0.548005] (eufs_sensors) StdoutLine: {'line': b'-- Up-to-date symlink: /home/gustavo/eufs_sim_teste/install/eufs_sensors/share/eufs_sensors/meshes/zed.dae\n'}
[0.548988] (eufs_sensors) StdoutLine: {'line': b'-- Up-to-date symlink: /home/gustavo/eufs_sim_teste/install/eufs_sensors/share/eufs_sensors/urdf/VLP-16R.urdf.xacro\n'}
[0.549241] (eufs_sensors) StdoutLine: {'line': b'-- Up-to-date symlink: /home/gustavo/eufs_sim_teste/install/eufs_sensors/share/eufs_sensors/urdf/all_sensors.urdf.xacro\n'}
[0.549370] (eufs_sensors) StdoutLine: {'line': b'-- Up-to-date symlink: /home/gustavo/eufs_sim_teste/install/eufs_sensors/share/eufs_sensors/urdf/gps.urdf.xacro\n'}
[0.549443] (eufs_sensors) StdoutLine: {'line': b'-- Up-to-date symlink: /home/gustavo/eufs_sim_teste/install/eufs_sensors/share/eufs_sensors/urdf/imu.urdf.xacro\n'}
[0.549518] (eufs_sensors) StdoutLine: {'line': b'-- Up-to-date symlink: /home/gustavo/eufs_sim_teste/install/eufs_sensors/share/eufs_sensors/urdf/magnetometer.urdf.xacro\n'}
[0.549586] (eufs_sensors) StdoutLine: {'line': b'-- Up-to-date symlink: /home/gustavo/eufs_sim_teste/install/eufs_sensors/share/eufs_sensors/urdf/zed.urdf.xacro\n'}
[0.549677] (eufs_sensors) StdoutLine: {'line': b'-- Up-to-date symlink: /home/gustavo/eufs_sim_teste/install/eufs_sensors/share/ament_index/resource_index/package_run_dependencies/eufs_sensors\n'}
[0.549894] (eufs_sensors) StdoutLine: {'line': b'-- Up-to-date symlink: /home/gustavo/eufs_sim_teste/install/eufs_sensors/share/ament_index/resource_index/parent_prefix_path/eufs_sensors\n'}
[0.549971] (eufs_sensors) StdoutLine: {'line': b'-- Up-to-date symlink: /home/gustavo/eufs_sim_teste/install/eufs_sensors/share/eufs_sensors/environment/ament_prefix_path.sh\n'}
[0.550074] (eufs_sensors) StdoutLine: {'line': b'-- Up-to-date symlink: /home/gustavo/eufs_sim_teste/install/eufs_sensors/share/eufs_sensors/environment/ament_prefix_path.dsv\n'}
[0.550150] (eufs_sensors) StdoutLine: {'line': b'-- Up-to-date symlink: /home/gustavo/eufs_sim_teste/install/eufs_sensors/share/eufs_sensors/environment/path.sh\n'}
[0.550221] (eufs_sensors) StdoutLine: {'line': b'-- Up-to-date symlink: /home/gustavo/eufs_sim_teste/install/eufs_sensors/share/eufs_sensors/environment/path.dsv\n'}
[0.550290] (eufs_sensors) StdoutLine: {'line': b'-- Up-to-date symlink: /home/gustavo/eufs_sim_teste/install/eufs_sensors/share/eufs_sensors/local_setup.bash\n'}
[0.550495] (eufs_sensors) StdoutLine: {'line': b'-- Up-to-date symlink: /home/gustavo/eufs_sim_teste/install/eufs_sensors/share/eufs_sensors/local_setup.sh\n'}
[0.550648] (eufs_sensors) StdoutLine: {'line': b'-- Up-to-date symlink: /home/gustavo/eufs_sim_teste/install/eufs_sensors/share/eufs_sensors/local_setup.zsh\n'}
[0.550829] (eufs_sensors) StdoutLine: {'line': b'-- Up-to-date symlink: /home/gustavo/eufs_sim_teste/install/eufs_sensors/share/eufs_sensors/local_setup.dsv\n'}
[0.550959] (eufs_sensors) StdoutLine: {'line': b'-- Symlinking: /home/gustavo/eufs_sim_teste/install/eufs_sensors/share/eufs_sensors/package.dsv\n'}
[0.559047] (eufs_sensors) StdoutLine: {'line': b'-- Up-to-date symlink: /home/gustavo/eufs_sim_teste/install/eufs_sensors/share/ament_index/resource_index/packages/eufs_sensors\n'}
[0.559273] (eufs_sensors) StdoutLine: {'line': b'-- Up-to-date symlink: /home/gustavo/eufs_sim_teste/install/eufs_sensors/share/eufs_sensors/cmake/ament_cmake_export_dependencies-extras.cmake\n'}
[0.559390] (eufs_sensors) StdoutLine: {'line': b'-- Up-to-date symlink: /home/gustavo/eufs_sim_teste/install/eufs_sensors/share/eufs_sensors/cmake/eufs_sensorsConfig.cmake\n'}
[0.559581] (eufs_sensors) StdoutLine: {'line': b'-- Up-to-date symlink: /home/gustavo/eufs_sim_teste/install/eufs_sensors/share/eufs_sensors/cmake/eufs_sensorsConfig-version.cmake\n'}
[0.559685] (eufs_sensors) StdoutLine: {'line': b'-- Up-to-date symlink: /home/gustavo/eufs_sim_teste/install/eufs_sensors/share/eufs_sensors/package.xml\n'}
[0.561035] (eufs_sensors) CommandEnded: {'returncode': 0}
[0.606423] (-) TimerEvent: {}
[0.621911] (eufs_sensors) JobEnded: {'identifier': 'eufs_sensors', 'rc': 0}
[0.706495] (-) TimerEvent: {}
[0.728062] (eufs_msgs) StderrLine: {'line': b'Traceback (most recent call last):\n  File "/usr/lib/python3/dist-packages/colcon_parallel_executor/executor/parallel.py", line 67, in execute\n    loop.run_until_complete(future)\n  File "/usr/lib/python3.8/asyncio/base_events.py", line 603, in run_until_complete\n    self.run_forever()\n  File "/usr/lib/python3.8/asyncio/base_events.py", line 570, in run_forever\n    self._run_once()\n  File "/usr/lib/python3.8/asyncio/base_events.py", line 1823, in _run_once\n    event_list = self._selector.select(timeout)\n  File "/usr/lib/python3.8/selectors.py", line 468, in select\n    fd_event_list = self._selector.poll(timeout, max_ev)\nKeyboardInterrupt\n\nDuring handling of the above exception, another exception occurred:\n\nTraceback (most recent call last):\n  File "/usr/lib/python3/dist-packages/colcon_core/executor/__init__.py", line 91, in __call__\n    rc = await self.task(*args, **kwargs)\n  File "/usr/lib/python3/dist-packages/colcon_core/task/__init__.py", line 93, in __call__\n    return await task_method(*args, **kwargs)\n  File "/usr/lib/python3/dist-packages/colcon_ros/task/ament_cmake/build.py", line 59, in build\n    rc = await extension.build(\n  File "/usr/lib/python3/dist-packages/colcon_cmake/task/cmake/build.py", line 110, in build\n    if await has_target(args.build_base, \'install\'):\n  File "/usr/lib/python3/dist-packages/colcon_cmake/task/cmake/__init__.py", line 57, in has_target\n    return target in await get_makefile_targets(path)\n  File "/usr/lib/python3/dist-packages/colcon_cmake/task/cmake/__init__.py", line 77, in get_makefile_targets\n    output = await check_output([\n  File "/usr/lib/python3/dist-packages/colcon_core/subprocess.py", line 128, in check_output\n    assert not rc, f\'Expected {args} to pass: {stderr_data}\'\nAssertionError: Expected [\'/usr/bin/cmake\', \'--build\', \'/home/gustavo/eufs_sim_teste/build/eufs_msgs\', \'--target\', \'help\'] to pass: make: *** [Makefile:9651: help] Interrupt\n\n'}
[0.728417] (eufs_msgs) JobEnded: {'identifier': 'eufs_msgs', 'rc': 'SIGINT'}
[0.755272] (eufs_racecar) JobEnded: {'identifier': 'eufs_racecar', 'rc': 'SIGINT'}
[0.756397] (eufs_tracks) JobEnded: {'identifier': 'eufs_tracks', 'rc': 'SIGINT'}
[0.767087] (eufs_launcher) JobSkipped: {'identifier': 'eufs_launcher'}
[0.767180] (eufs_models) JobSkipped: {'identifier': 'eufs_models'}
[0.767201] (eufs_rqt) JobSkipped: {'identifier': 'eufs_rqt'}
[0.767215] (eufs_plugins) JobSkipped: {'identifier': 'eufs_plugins'}
[0.767228] (-) EventReactorShutdown: {}
